# JRE version: OpenJDK Runtime Environment (8.0_242-b01) (build 1.8.0_242-release-1644-b01)
# Java VM: OpenJDK 64-Bit Server VM (25.242-b01 mixed mode windows-amd64 compressed oops)
Heap:
 PSYoungGen      total 477184K, used 167167K [0x00000000d5580000, 0x00000000f4d80000, 0x0000000100000000)
  eden space 438272K, 36% used [0x00000000d5580000,0x00000000df213330,0x00000000f0180000)
  from space 38912K, 17% used [0x00000000f0180000,0x00000000f082ca60,0x00000000f2780000)
  to   space 36352K, 0% used [0x00000000f2a00000,0x00000000f2a00000,0x00000000f4d80000)
 ParOldGen       total 148480K, used 117880K [0x0000000080000000, 0x0000000089100000, 0x00000000d5580000)
  object space 148480K, 79% used [0x0000000080000000,0x000000008731e330,0x0000000089100000)
 Metaspace       used 109661K, capacity 117130K, committed 117248K, reserved 1150976K
  class space    used 14165K, capacity 15552K, committed 15616K, reserved 1048576K
GC Heap History (10 events):
Event: 5952.138 GC heap before
{Heap before GC invocations=53 (full 4):
 PSYoungGen      total 353280K, used 312580K [0x00000000d5580000, 0x00000000edb80000, 0x0000000100000000)
  eden space 309248K, 100% used [0x00000000d5580000,0x00000000e8380000,0x00000000e8380000)
  from space 44032K, 7% used [0x00000000eb080000,0x00000000eb3c1140,0x00000000edb80000)
  to   space 45056K, 0% used [0x00000000e8380000,0x00000000e8380000,0x00000000eaf80000)
 ParOldGen       total 148480K, used 94276K [0x0000000080000000, 0x0000000089100000, 0x00000000d5580000)
  object space 148480K, 63% used [0x0000000080000000,0x0000000085c110a0,0x0000000089100000)
 Metaspace       used 109451K, capacity 116914K, committed 116992K, reserved 1150976K
  class space    used 14163K, capacity 15550K, committed 15616K, reserved 1048576K
Event: 5952.149 GC heap after
Heap after GC invocations=53 (full 4):
 PSYoungGen      total 354304K, used 7056K [0x00000000d5580000, 0x00000000f1300000, 0x0000000100000000)
  eden space 309248K, 0% used [0x00000000d5580000,0x00000000d5580000,0x00000000e8380000)
  from space 45056K, 15% used [0x00000000e8380000,0x00000000e8a640a8,0x00000000eaf80000)
  to   space 43520K, 0% used [0x00000000ee880000,0x00000000ee880000,0x00000000f1300000)
 ParOldGen       total 148480K, used 95587K [0x0000000080000000, 0x0000000089100000, 0x00000000d5580000)
  object space 148480K, 64% used [0x0000000080000000,0x0000000085d58e28,0x0000000089100000)
 Metaspace       used 109451K, capacity 116914K, committed 116992K, reserved 1150976K
  class space    used 14163K, capacity 15550K, committed 15616K, reserved 1048576K
}
Event: 5952.534 GC heap before
{Heap before GC invocations=54 (full 4):
 PSYoungGen      total 354304K, used 316304K [0x00000000d5580000, 0x00000000f1300000, 0x0000000100000000)
  eden space 309248K, 100% used [0x00000000d5580000,0x00000000e8380000,0x00000000e8380000)
  from space 45056K, 15% used [0x00000000e8380000,0x00000000e8a640a8,0x00000000eaf80000)
  to   space 43520K, 0% used [0x00000000ee880000,0x00000000ee880000,0x00000000f1300000)
 ParOldGen       total 148480K, used 95587K [0x0000000080000000, 0x0000000089100000, 0x00000000d5580000)
  object space 148480K, 64% used [0x0000000080000000,0x0000000085d58e28,0x0000000089100000)
 Metaspace       used 109494K, capacity 116986K, committed 117248K, reserved 1150976K
  class space    used 14163K, capacity 15550K, committed 15616K, reserved 1048576K
Event: 5952.548 GC heap after
Heap after GC invocations=54 (full 4):
 PSYoungGen      total 407552K, used 10457K [0x00000000d5580000, 0x00000000f0e80000, 0x0000000100000000)
  eden space 368640K, 0% used [0x00000000d5580000,0x00000000d5580000,0x00000000ebd80000)
  from space 38912K, 26% used [0x00000000ee880000,0x00000000ef2b6718,0x00000000f0e80000)
  to   space 41472K, 0% used [0x00000000ebd80000,0x00000000ebd80000,0x00000000ee600000)
 ParOldGen       total 148480K, used 101233K [0x0000000080000000, 0x0000000089100000, 0x00000000d5580000)
  object space 148480K, 68% used [0x0000000080000000,0x00000000862dc568,0x0000000089100000)
 Metaspace       used 109494K, capacity 116986K, committed 117248K, reserved 1150976K
  class space    used 14163K, capacity 15550K, committed 15616K, reserved 1048576K
}
Event: 5953.025 GC heap before
{Heap before GC invocations=55 (full 4):
 PSYoungGen      total 407552K, used 379097K [0x00000000d5580000, 0x00000000f0e80000, 0x0000000100000000)
  eden space 368640K, 100% used [0x00000000d5580000,0x00000000ebd80000,0x00000000ebd80000)
  from space 38912K, 26% used [0x00000000ee880000,0x00000000ef2b6718,0x00000000f0e80000)
  to   space 41472K, 0% used [0x00000000ebd80000,0x00000000ebd80000,0x00000000ee600000)
 ParOldGen       total 148480K, used 101233K [0x0000000080000000, 0x0000000089100000, 0x00000000d5580000)
  object space 148480K, 68% used [0x0000000080000000,0x00000000862dc568,0x0000000089100000)
 Metaspace       used 109511K, capacity 116986K, committed 117248K, reserved 1150976K
  class space    used 14163K, capacity 15550K, committed 15616K, reserved 1048576K
Event: 5953.040 GC heap after
Heap after GC invocations=55 (full 4):
 PSYoungGen      total 410112K, used 4480K [0x00000000d5580000, 0x00000000f5180000, 0x0000000100000000)
  eden space 368640K, 0% used [0x00000000d5580000,0x00000000d5580000,0x00000000ebd80000)
  from space 41472K, 10% used [0x00000000ebd80000,0x00000000ec1e0000,0x00000000ee600000)
  to   space 40448K, 0% used [0x00000000f2a00000,0x00000000f2a00000,0x00000000f5180000)
 ParOldGen       total 148480K, used 110579K [0x0000000080000000, 0x0000000089100000, 0x00000000d5580000)
  object space 148480K, 74% used [0x0000000080000000,0x0000000086bfcc50,0x0000000089100000)
 Metaspace       used 109511K, capacity 116986K, committed 117248K, reserved 1150976K
  class space    used 14163K, capacity 15550K, committed 15616K, reserved 1048576K
}
Event: 5953.680 GC heap before
{Heap before GC invocations=56 (full 4):
 PSYoungGen      total 410112K, used 373120K [0x00000000d5580000, 0x00000000f5180000, 0x0000000100000000)
  eden space 368640K, 100% used [0x00000000d5580000,0x00000000ebd80000,0x00000000ebd80000)
  from space 41472K, 10% used [0x00000000ebd80000,0x00000000ec1e0000,0x00000000ee600000)
  to   space 40448K, 0% used [0x00000000f2a00000,0x00000000f2a00000,0x00000000f5180000)
 ParOldGen       total 148480K, used 110579K [0x0000000080000000, 0x0000000089100000, 0x00000000d5580000)
  object space 148480K, 74% used [0x0000000080000000,0x0000000086bfcc50,0x0000000089100000)
 Metaspace       used 109524K, capacity 116992K, committed 117248K, reserved 1150976K
  class space    used 14165K, capacity 15551K, committed 15616K, reserved 1048576K
Event: 5953.691 GC heap after
Heap after GC invocations=56 (full 4):
 PSYoungGen      total 474624K, used 5216K [0x00000000d5580000, 0x00000000f4d80000, 0x0000000100000000)
  eden space 438272K, 0% used [0x00000000d5580000,0x00000000d5580000,0x00000000f0180000)
  from space 36352K, 14% used [0x00000000f2a00000,0x00000000f2f18000,0x00000000f4d80000)
  to   space 38912K, 0% used [0x00000000f0180000,0x00000000f0180000,0x00000000f2780000)
 ParOldGen       total 148480K, used 114487K [0x0000000080000000, 0x0000000089100000, 0x00000000d5580000)
  object space 148480K, 77% used [0x0000000080000000,0x0000000086fcdfb8,0x0000000089100000)
 Metaspace       used 109524K, capacity 116992K, committed 117248K, reserved 1150976K
  class space    used 14165K, capacity 15551K, committed 15616K, reserved 1048576K
}
Event: 5954.997 GC heap before
{Heap before GC invocations=57 (full 4):
 PSYoungGen      total 474624K, used 443488K [0x00000000d5580000, 0x00000000f4d80000, 0x0000000100000000)
  eden space 438272K, 100% used [0x00000000d5580000,0x00000000f0180000,0x00000000f0180000)
  from space 36352K, 14% used [0x00000000f2a00000,0x00000000f2f18000,0x00000000f4d80000)
  to   space 38912K, 0% used [0x00000000f0180000,0x00000000f0180000,0x00000000f2780000)
 ParOldGen       total 148480K, used 114487K [0x0000000080000000, 0x0000000089100000, 0x00000000d5580000)
  object space 148480K, 77% used [0x0000000080000000,0x0000000086fcdfb8,0x0000000089100000)
 Metaspace       used 109625K, capacity 117062K, committed 117248K, reserved 1150976K
  class space    used 14165K, capacity 15552K, committed 15616K, reserved 1048576K
Event: 5955.011 GC heap after
Heap after GC invocations=57 (full 4):
 PSYoungGen      total 477184K, used 6834K [0x00000000d5580000, 0x00000000f4d80000, 0x0000000100000000)
  eden space 438272K, 0% used [0x00000000d5580000,0x00000000d5580000,0x00000000f0180000)
  from space 38912K, 17% used [0x00000000f0180000,0x00000000f082ca60,0x00000000f2780000)
  to   space 36352K, 0% used [0x00000000f2a00000,0x00000000f2a00000,0x00000000f4d80000)
 ParOldGen       total 148480K, used 117880K [0x0000000080000000, 0x0000000089100000, 0x00000000d5580000)
  object space 148480K, 79% used [0x0000000080000000,0x000000008731e330,0x0000000089100000)
 Metaspace       used 109625K, capacity 117062K, committed 117248K, reserved 1150976K
  class space    used 14165K, capacity 15552K, committed 15616K, reserved 1048576K
}

