# JRE version: OpenJDK Runtime Environment (8.0_242-b01) (build 1.8.0_242-release-1644-b01)
# Java VM: OpenJDK 64-Bit Server VM (25.242-b01 mixed mode windows-amd64 compressed oops)
Heap:
 PSYoungGen      total 339968K, used 204652K [0x00000000d5580000, 0x00000000f0c80000, 0x0000000100000000)
  eden space 316416K, 64% used [0x00000000d5580000,0x00000000e1d5b3b0,0x00000000e8a80000)
  from space 23552K, 0% used [0x00000000e8a80000,0x00000000e8a80000,0x00000000ea180000)
  to   space 33792K, 0% used [0x00000000eeb80000,0x00000000eeb80000,0x00000000f0c80000)
 ParOldGen       total 161792K, used 82086K [0x0000000080000000, 0x0000000089e00000, 0x00000000d5580000)
  object space 161792K, 50% used [0x0000000080000000,0x00000000850299a0,0x0000000089e00000)
 Metaspace       used 81843K, capacity 86166K, committed 88088K, reserved 1124352K
  class space    used 11062K, capacity 11862K, committed 12336K, reserved 1048576K
GC Heap History (10 events):
Event: 27.788 GC heap before
{Heap before GC invocations=19 (full 3):
 PSYoungGen      total 214528K, used 214513K [0x00000000d5580000, 0x00000000e8680000, 0x0000000100000000)
  eden space 196608K, 100% used [0x00000000d5580000,0x00000000e1580000,0x00000000e1580000)
  from space 17920K, 99% used [0x00000000e1580000,0x00000000e26fc648,0x00000000e2700000)
  to   space 24576K, 0% used [0x00000000e6e80000,0x00000000e6e80000,0x00000000e8680000)
 ParOldGen       total 89088K, used 44939K [0x0000000080000000, 0x0000000085700000, 0x00000000d5580000)
  object space 89088K, 50% used [0x0000000080000000,0x0000000082be2dc8,0x0000000085700000)
 Metaspace       used 77159K, capacity 81972K, committed 82200K, reserved 1120256K
  class space    used 10860K, capacity 11791K, committed 11824K, reserved 1048576K
Event: 27.806 GC heap after
Heap after GC invocations=19 (full 3):
 PSYoungGen      total 284672K, used 6730K [0x00000000d5580000, 0x00000000e8480000, 0x0000000100000000)
  eden space 262144K, 0% used [0x00000000d5580000,0x00000000d5580000,0x00000000e5580000)
  from space 22528K, 29% used [0x00000000e6e80000,0x00000000e7512bf8,0x00000000e8480000)
  to   space 24064K, 0% used [0x00000000e5580000,0x00000000e5580000,0x00000000e6d00000)
 ParOldGen       total 89088K, used 57365K [0x0000000080000000, 0x0000000085700000, 0x00000000d5580000)
  object space 89088K, 64% used [0x0000000080000000,0x00000000838055a0,0x0000000085700000)
 Metaspace       used 77159K, capacity 81972K, committed 82200K, reserved 1120256K
  class space    used 10860K, capacity 11791K, committed 11824K, reserved 1048576K
}
Event: 28.452 GC heap before
{Heap before GC invocations=20 (full 3):
 PSYoungGen      total 284672K, used 268874K [0x00000000d5580000, 0x00000000e8480000, 0x0000000100000000)
  eden space 262144K, 100% used [0x00000000d5580000,0x00000000e5580000,0x00000000e5580000)
  from space 22528K, 29% used [0x00000000e6e80000,0x00000000e7512bf8,0x00000000e8480000)
  to   space 24064K, 0% used [0x00000000e5580000,0x00000000e5580000,0x00000000e6d00000)
 ParOldGen       total 89088K, used 57365K [0x0000000080000000, 0x0000000085700000, 0x00000000d5580000)
  object space 89088K, 64% used [0x0000000080000000,0x00000000838055a0,0x0000000085700000)
 Metaspace       used 77768K, capacity 82634K, committed 82712K, reserved 1120256K
  class space    used 10868K, capacity 11802K, committed 11824K, reserved 1048576K
Event: 28.460 GC heap after
Heap after GC invocations=20 (full 3):
 PSYoungGen      total 286208K, used 2144K [0x00000000d5580000, 0x00000000ebb00000, 0x0000000100000000)
  eden space 262144K, 0% used [0x00000000d5580000,0x00000000d5580000,0x00000000e5580000)
  from space 24064K, 8% used [0x00000000e5580000,0x00000000e5798000,0x00000000e6d00000)
  to   space 24064K, 0% used [0x00000000ea380000,0x00000000ea380000,0x00000000ebb00000)
 ParOldGen       total 89088K, used 60408K [0x0000000080000000, 0x0000000085700000, 0x00000000d5580000)
  object space 89088K, 67% used [0x0000000080000000,0x0000000083afe140,0x0000000085700000)
 Metaspace       used 77768K, capacity 82634K, committed 82712K, reserved 1120256K
  class space    used 10868K, capacity 11802K, committed 11824K, reserved 1048576K
}
Event: 29.011 GC heap before
{Heap before GC invocations=21 (full 3):
 PSYoungGen      total 286208K, used 264288K [0x00000000d5580000, 0x00000000ebb00000, 0x0000000100000000)
  eden space 262144K, 100% used [0x00000000d5580000,0x00000000e5580000,0x00000000e5580000)
  from space 24064K, 8% used [0x00000000e5580000,0x00000000e5798000,0x00000000e6d00000)
  to   space 24064K, 0% used [0x00000000ea380000,0x00000000ea380000,0x00000000ebb00000)
 ParOldGen       total 89088K, used 60408K [0x0000000080000000, 0x0000000085700000, 0x00000000d5580000)
  object space 89088K, 67% used [0x0000000080000000,0x0000000083afe140,0x0000000085700000)
 Metaspace       used 79256K, capacity 84618K, committed 84760K, reserved 1122304K
  class space    used 11051K, capacity 12034K, committed 12080K, reserved 1048576K
Event: 29.018 GC heap after
Heap after GC invocations=21 (full 3):
 PSYoungGen      total 337920K, used 2578K [0x00000000d5580000, 0x00000000eb880000, 0x0000000100000000)
  eden space 316416K, 0% used [0x00000000d5580000,0x00000000d5580000,0x00000000e8a80000)
  from space 21504K, 11% used [0x00000000ea380000,0x00000000ea604808,0x00000000eb880000)
  to   space 23552K, 0% used [0x00000000e8a80000,0x00000000e8a80000,0x00000000ea180000)
 ParOldGen       total 89088K, used 61616K [0x0000000080000000, 0x0000000085700000, 0x00000000d5580000)
  object space 89088K, 69% used [0x0000000080000000,0x0000000083c2c150,0x0000000085700000)
 Metaspace       used 79256K, capacity 84618K, committed 84760K, reserved 1122304K
  class space    used 11051K, capacity 12034K, committed 12080K, reserved 1048576K
}
Event: 30.858 GC heap before
{Heap before GC invocations=22 (full 3):
 PSYoungGen      total 337920K, used 318994K [0x00000000d5580000, 0x00000000eb880000, 0x0000000100000000)
  eden space 316416K, 100% used [0x00000000d5580000,0x00000000e8a80000,0x00000000e8a80000)
  from space 21504K, 11% used [0x00000000ea380000,0x00000000ea604808,0x00000000eb880000)
  to   space 23552K, 0% used [0x00000000e8a80000,0x00000000e8a80000,0x00000000ea180000)
 ParOldGen       total 89088K, used 61616K [0x0000000080000000, 0x0000000085700000, 0x00000000d5580000)
  object space 89088K, 69% used [0x0000000080000000,0x0000000083c2c150,0x0000000085700000)
 Metaspace       used 80730K, capacity 86230K, committed 86424K, reserved 1124352K
  class space    used 11190K, capacity 12200K, committed 12208K, reserved 1048576K
Event: 30.888 GC heap after
Heap after GC invocations=22 (full 3):
 PSYoungGen      total 339968K, used 23529K [0x00000000d5580000, 0x00000000f0c80000, 0x0000000100000000)
  eden space 316416K, 0% used [0x00000000d5580000,0x00000000d5580000,0x00000000e8a80000)
  from space 23552K, 99% used [0x00000000e8a80000,0x00000000ea17a5f0,0x00000000ea180000)
  to   space 33792K, 0% used [0x00000000eeb80000,0x00000000eeb80000,0x00000000f0c80000)
 ParOldGen       total 89088K, used 78230K [0x0000000080000000, 0x0000000085700000, 0x00000000d5580000)
  object space 89088K, 87% used [0x0000000080000000,0x0000000084c65a00,0x0000000085700000)
 Metaspace       used 80730K, capacity 86230K, committed 86424K, reserved 1124352K
  class space    used 11190K, capacity 12200K, committed 12208K, reserved 1048576K
}
Event: 30.888 GC heap before
{Heap before GC invocations=23 (full 4):
 PSYoungGen      total 339968K, used 23529K [0x00000000d5580000, 0x00000000f0c80000, 0x0000000100000000)
  eden space 316416K, 0% used [0x00000000d5580000,0x00000000d5580000,0x00000000e8a80000)
  from space 23552K, 99% used [0x00000000e8a80000,0x00000000ea17a5f0,0x00000000ea180000)
  to   space 33792K, 0% used [0x00000000eeb80000,0x00000000eeb80000,0x00000000f0c80000)
 ParOldGen       total 89088K, used 78230K [0x0000000080000000, 0x0000000085700000, 0x00000000d5580000)
  object space 89088K, 87% used [0x0000000080000000,0x0000000084c65a00,0x0000000085700000)
 Metaspace       used 80730K, capacity 86230K, committed 86424K, reserved 1124352K
  class space    used 11190K, capacity 12200K, committed 12208K, reserved 1048576K
Event: 31.117 GC heap after
Heap after GC invocations=23 (full 4):
 PSYoungGen      total 339968K, used 0K [0x00000000d5580000, 0x00000000f0c80000, 0x0000000100000000)
  eden space 316416K, 0% used [0x00000000d5580000,0x00000000d5580000,0x00000000e8a80000)
  from space 23552K, 0% used [0x00000000e8a80000,0x00000000e8a80000,0x00000000ea180000)
  to   space 33792K, 0% used [0x00000000eeb80000,0x00000000eeb80000,0x00000000f0c80000)
 ParOldGen       total 161792K, used 82086K [0x0000000080000000, 0x0000000089e00000, 0x00000000d5580000)
  object space 161792K, 50% used [0x0000000080000000,0x00000000850299a0,0x0000000089e00000)
 Metaspace       used 79911K, capacity 84162K, committed 86424K, reserved 1124352K
  class space    used 10905K, capacity 11694K, committed 12208K, reserved 1048576K
}

