# JRE version: OpenJDK Runtime Environment (8.0_242-b01) (build 1.8.0_242-release-1644-b01)
# Java VM: OpenJDK 64-Bit Server VM (25.242-b01 mixed mode windows-amd64 compressed oops)
Heap:
 PSYoungGen      total 325632K, used 63973K [0x00000000d5580000, 0x00000000ef580000, 0x0000000100000000)
  eden space 305152K, 15% used [0x00000000d5580000,0x00000000d8247018,0x00000000e7f80000)
  from space 20480K, 88% used [0x00000000e7f80000,0x00000000e9132480,0x00000000e9380000)
  to   space 22528K, 0% used [0x00000000edf80000,0x00000000edf80000,0x00000000ef580000)
 ParOldGen       total 82432K, used 49769K [0x0000000080000000, 0x0000000085080000, 0x00000000d5580000)
  object space 82432K, 60% used [0x0000000080000000,0x000000008309a578,0x0000000085080000)
 Metaspace       used 81520K, capacity 85660K, committed 85784K, reserved 1124352K
  class space    used 10761K, capacity 11504K, committed 11568K, reserved 1048576K
GC Heap History (10 events):
Event: 42.192 GC heap before
{Heap before GC invocations=16 (full 3):
 PSYoungGen      total 165376K, used 11852K [0x00000000d5580000, 0x00000000e5080000, 0x0000000100000000)
  eden space 148992K, 0% used [0x00000000d5580000,0x00000000d5580000,0x00000000de700000)
  from space 16384K, 72% used [0x00000000de700000,0x00000000df293050,0x00000000df700000)
  to   space 16896K, 0% used [0x00000000e4000000,0x00000000e4000000,0x00000000e5080000)
 ParOldGen       total 56832K, used 27526K [0x0000000080000000, 0x0000000083780000, 0x00000000d5580000)
  object space 56832K, 48% used [0x0000000080000000,0x0000000081ae1a38,0x0000000083780000)
 Metaspace       used 56511K, capacity 58920K, committed 59160K, reserved 1099776K
  class space    used 7747K, capacity 8215K, committed 8240K, reserved 1048576K
Event: 42.394 GC heap after
Heap after GC invocations=16 (full 3):
 PSYoungGen      total 165376K, used 0K [0x00000000d5580000, 0x00000000e5080000, 0x0000000100000000)
  eden space 148992K, 0% used [0x00000000d5580000,0x00000000d5580000,0x00000000de700000)
  from space 16384K, 0% used [0x00000000de700000,0x00000000de700000,0x00000000df700000)
  to   space 16896K, 0% used [0x00000000e4000000,0x00000000e4000000,0x00000000e5080000)
 ParOldGen       total 82432K, used 33901K [0x0000000080000000, 0x0000000085080000, 0x00000000d5580000)
  object space 82432K, 41% used [0x0000000080000000,0x000000008211b7c8,0x0000000085080000)
 Metaspace       used 56467K, capacity 58770K, committed 59160K, reserved 1099776K
  class space    used 7733K, capacity 8190K, committed 8240K, reserved 1048576K
}
Event: 48.772 GC heap before
{Heap before GC invocations=17 (full 3):
 PSYoungGen      total 165376K, used 148992K [0x00000000d5580000, 0x00000000e5080000, 0x0000000100000000)
  eden space 148992K, 100% used [0x00000000d5580000,0x00000000de700000,0x00000000de700000)
  from space 16384K, 0% used [0x00000000de700000,0x00000000de700000,0x00000000df700000)
  to   space 16896K, 0% used [0x00000000e4000000,0x00000000e4000000,0x00000000e5080000)
 ParOldGen       total 82432K, used 33901K [0x0000000080000000, 0x0000000085080000, 0x00000000d5580000)
  object space 82432K, 41% used [0x0000000080000000,0x000000008211b7c8,0x0000000085080000)
 Metaspace       used 63282K, capacity 66492K, committed 66712K, reserved 1105920K
  class space    used 8791K, capacity 9369K, committed 9392K, reserved 1048576K
Event: 48.783 GC heap after
Heap after GC invocations=17 (full 3):
 PSYoungGen      total 231424K, used 13940K [0x00000000d5580000, 0x00000000e4e00000, 0x0000000100000000)
  eden space 217088K, 0% used [0x00000000d5580000,0x00000000d5580000,0x00000000e2980000)
  from space 14336K, 97% used [0x00000000e4000000,0x00000000e4d9d1d0,0x00000000e4e00000)
  to   space 18432K, 0% used [0x00000000e2a00000,0x00000000e2a00000,0x00000000e3c00000)
 ParOldGen       total 82432K, used 33909K [0x0000000080000000, 0x0000000085080000, 0x00000000d5580000)
  object space 82432K, 41% used [0x0000000080000000,0x000000008211d7c8,0x0000000085080000)
 Metaspace       used 63282K, capacity 66492K, committed 66712K, reserved 1105920K
  class space    used 8791K, capacity 9369K, committed 9392K, reserved 1048576K
}
Event: 54.696 GC heap before
{Heap before GC invocations=18 (full 3):
 PSYoungGen      total 231424K, used 231028K [0x00000000d5580000, 0x00000000e4e00000, 0x0000000100000000)
  eden space 217088K, 100% used [0x00000000d5580000,0x00000000e2980000,0x00000000e2980000)
  from space 14336K, 97% used [0x00000000e4000000,0x00000000e4d9d1d0,0x00000000e4e00000)
  to   space 18432K, 0% used [0x00000000e2a00000,0x00000000e2a00000,0x00000000e3c00000)
 ParOldGen       total 82432K, used 33909K [0x0000000080000000, 0x0000000085080000, 0x00000000d5580000)
  object space 82432K, 41% used [0x0000000080000000,0x000000008211d7c8,0x0000000085080000)
 Metaspace       used 63911K, capacity 67312K, committed 67608K, reserved 1107968K
  class space    used 8835K, capacity 9441K, committed 9520K, reserved 1048576K
Event: 54.716 GC heap after
Heap after GC invocations=18 (full 3):
 PSYoungGen      total 236032K, used 2656K [0x00000000d5580000, 0x00000000ea900000, 0x0000000100000000)
  eden space 217600K, 0% used [0x00000000d5580000,0x00000000d5580000,0x00000000e2a00000)
  from space 18432K, 14% used [0x00000000e2a00000,0x00000000e2c98000,0x00000000e3c00000)
  to   space 18432K, 0% used [0x00000000e9700000,0x00000000e9700000,0x00000000ea900000)
 ParOldGen       total 82432K, used 42946K [0x0000000080000000, 0x0000000085080000, 0x00000000d5580000)
  object space 82432K, 52% used [0x0000000080000000,0x00000000829f0828,0x0000000085080000)
 Metaspace       used 63911K, capacity 67312K, committed 67608K, reserved 1107968K
  class space    used 8835K, capacity 9441K, committed 9520K, reserved 1048576K
}
Event: 492.534 GC heap before
{Heap before GC invocations=19 (full 3):
 PSYoungGen      total 236032K, used 220256K [0x00000000d5580000, 0x00000000ea900000, 0x0000000100000000)
  eden space 217600K, 100% used [0x00000000d5580000,0x00000000e2a00000,0x00000000e2a00000)
  from space 18432K, 14% used [0x00000000e2a00000,0x00000000e2c98000,0x00000000e3c00000)
  to   space 18432K, 0% used [0x00000000e9700000,0x00000000e9700000,0x00000000ea900000)
 ParOldGen       total 82432K, used 42946K [0x0000000080000000, 0x0000000085080000, 0x00000000d5580000)
  object space 82432K, 52% used [0x0000000080000000,0x00000000829f0828,0x0000000085080000)
 Metaspace       used 73801K, capacity 77462K, committed 77720K, reserved 1116160K
  class space    used 9873K, capacity 10571K, committed 10672K, reserved 1048576K
Event: 492.550 GC heap after
Heap after GC invocations=19 (full 3):
 PSYoungGen      total 320000K, used 16400K [0x00000000d5580000, 0x00000000ea780000, 0x0000000100000000)
  eden space 303104K, 0% used [0x00000000d5580000,0x00000000d5580000,0x00000000e7d80000)
  from space 16896K, 97% used [0x00000000e9700000,0x00000000ea7042f0,0x00000000ea780000)
  to   space 20480K, 0% used [0x00000000e7f80000,0x00000000e7f80000,0x00000000e9380000)
 ParOldGen       total 82432K, used 44564K [0x0000000080000000, 0x0000000085080000, 0x00000000d5580000)
  object space 82432K, 54% used [0x0000000080000000,0x0000000082b85288,0x0000000085080000)
 Metaspace       used 73801K, capacity 77462K, committed 77720K, reserved 1116160K
  class space    used 9873K, capacity 10571K, committed 10672K, reserved 1048576K
}
Event: 511.582 GC heap before
{Heap before GC invocations=20 (full 3):
 PSYoungGen      total 320000K, used 319504K [0x00000000d5580000, 0x00000000ea780000, 0x0000000100000000)
  eden space 303104K, 100% used [0x00000000d5580000,0x00000000e7d80000,0x00000000e7d80000)
  from space 16896K, 97% used [0x00000000e9700000,0x00000000ea7042f0,0x00000000ea780000)
  to   space 20480K, 0% used [0x00000000e7f80000,0x00000000e7f80000,0x00000000e9380000)
 ParOldGen       total 82432K, used 44564K [0x0000000080000000, 0x0000000085080000, 0x00000000d5580000)
  object space 82432K, 54% used [0x0000000080000000,0x0000000082b85288,0x0000000085080000)
 Metaspace       used 81513K, capacity 85660K, committed 85784K, reserved 1124352K
  class space    used 10761K, capacity 11504K, committed 11568K, reserved 1048576K
Event: 511.763 GC heap after
Heap after GC invocations=20 (full 3):
 PSYoungGen      total 325632K, used 18121K [0x00000000d5580000, 0x00000000ef580000, 0x0000000100000000)
  eden space 305152K, 0% used [0x00000000d5580000,0x00000000d5580000,0x00000000e7f80000)
  from space 20480K, 88% used [0x00000000e7f80000,0x00000000e9132480,0x00000000e9380000)
  to   space 22528K, 0% used [0x00000000edf80000,0x00000000edf80000,0x00000000ef580000)
 ParOldGen       total 82432K, used 49769K [0x0000000080000000, 0x0000000085080000, 0x00000000d5580000)
  object space 82432K, 60% used [0x0000000080000000,0x000000008309a578,0x0000000085080000)
 Metaspace       used 81513K, capacity 85660K, committed 85784K, reserved 1124352K
  class space    used 10761K, capacity 11504K, committed 11568K, reserved 1048576K
}

